<?xml version="1.0" encoding="UTF-8"?>
<testsuite xmlns:xsi="http://www.w3.org/2001/XMLSchema-instance" xsi:noNamespaceSchemaLocation="https://maven.apache.org/surefire/maven-surefire-plugin/xsd/surefire-test-report-3.0.xsd" version="3.0" name="com.myshop.admin.user.UserRepositoryTests" time="1.574" tests="7" errors="0" skipped="0" failures="0">
  <properties>
[...]
</properties>
  <testcase name="testZDeleteUser" classname="com.myshop.admin.user.UserRepositoryTests" time="0.368">
    <system-out><![CDATA[2023-09-27T09:12:45.947+02:00  INFO 1196 --- [           main] t.c.s.AnnotationConfigContextLoaderUtils : Could not detect default configuration classes for test class [com.myshop.admin.user.UserRepositoryTests]: UserRepositoryTests does not declare any static, non-private, non-final, nested classes annotated with @Configuration.
2023-09-27T09:12:45.992+02:00  INFO 1196 --- [           main] .b.t.c.SpringBootTestContextBootstrapper : Found @SpringBootConfiguration com.myshop.admin.MyshopBackEndApplication for test class com.myshop.admin.user.UserRepositoryTests
Hibernate: 
    select
        u1_0.id,
        u1_0.email,
        u1_0.enabled,
        u1_0.first_name,
        u1_0.last_name,
        u1_0.password,
        u1_0.photos 
    from
        users u1_0 
    where
        u1_0.id=?
]]></system-out>
  </testcase>
  <testcase name="testCreateNewUserWithTwoRoles" classname="com.myshop.admin.user.UserRepositoryTests" time="0.378">
    <system-out><![CDATA[Hibernate: 
    insert 
    into
        users
        (email,enabled,first_name,last_name,password,photos) 
    values
        (?,?,?,?,?,?)
Hibernate: 
    insert 
    into
        users_roles
        (user_id,role_id) 
    values
        (?,?)
Hibernate: 
    insert 
    into
        users_roles
        (user_id,role_id) 
    values
        (?,?)
]]></system-out>
  </testcase>
  <testcase name="testListAllUsers" classname="com.myshop.admin.user.UserRepositoryTests" time="0.402">
    <system-out><![CDATA[Hibernate: 
    select
        u1_0.id,
        u1_0.email,
        u1_0.enabled,
        u1_0.first_name,
        u1_0.last_name,
        u1_0.password,
        u1_0.photos 
    from
        users u1_0
Hibernate: 
    select
        r1_0.user_id,
        r1_1.id,
        r1_1.description,
        r1_1.name 
    from
        users_roles r1_0 
    join
        roles r1_1 
            on r1_1.id=r1_0.role_id 
    where
        r1_0.user_id=?
User [id=1, email=Walde@gmail.com, firstName=Miro, lastName=Waldes, roles=[Editor, Assistant]]
]]></system-out>
  </testcase>
  <testcase name="testCreateNewUserWithOneRole" classname="com.myshop.admin.user.UserRepositoryTests" time="0.027">
    <system-out><![CDATA[Hibernate: 
    select
        r1_0.id,
        r1_0.description,
        r1_0.name 
    from
        roles r1_0 
    where
        r1_0.id=?
Hibernate: 
    insert 
    into
        users
        (email,enabled,first_name,last_name,password,photos) 
    values
        (?,?,?,?,?,?)
Hibernate: 
    insert 
    into
        users_roles
        (user_id,role_id) 
    values
        (?,?)
]]></system-out>
  </testcase>
  <testcase name="testGetUserById" classname="com.myshop.admin.user.UserRepositoryTests" time="0.03">
    <system-out><![CDATA[Hibernate: 
    select
        u1_0.id,
        u1_0.email,
        u1_0.enabled,
        u1_0.first_name,
        u1_0.last_name,
        u1_0.password,
        u1_0.photos 
    from
        users u1_0 
    where
        u1_0.id=?
Hibernate: 
    select
        r1_0.user_id,
        r1_1.id,
        r1_1.description,
        r1_1.name 
    from
        users_roles r1_0 
    join
        roles r1_1 
            on r1_1.id=r1_0.role_id 
    where
        r1_0.user_id=?
User [id=1, email=Walde@gmail.com, firstName=Miro, lastName=Waldes, roles=[Editor, Assistant]]
]]></system-out>
  </testcase>
  <testcase name="testUpdateUserRoles" classname="com.myshop.admin.user.UserRepositoryTests" time="0.085">
    <system-out><![CDATA[Hibernate: 
    select
        u1_0.id,
        u1_0.email,
        u1_0.enabled,
        u1_0.first_name,
        u1_0.last_name,
        u1_0.password,
        u1_0.photos 
    from
        users u1_0 
    where
        u1_0.id=?
Hibernate: 
    select
        r1_0.user_id,
        r1_1.id,
        r1_1.description,
        r1_1.name 
    from
        users_roles r1_0 
    join
        roles r1_1 
            on r1_1.id=r1_0.role_id 
    where
        r1_0.user_id=?
Hibernate: 
    select
        r1_0.id,
        r1_0.description,
        r1_0.name 
    from
        roles r1_0 
    where
        r1_0.id=?
Hibernate: 
    insert 
    into
        users_roles
        (user_id,role_id) 
    values
        (?,?)
]]></system-out>
  </testcase>
  <testcase name="testUpdateUserDetails" classname="com.myshop.admin.user.UserRepositoryTests" time="0.12">
    <system-out><![CDATA[Hibernate: 
    select
        u1_0.id,
        u1_0.email,
        u1_0.enabled,
        u1_0.first_name,
        u1_0.last_name,
        u1_0.password,
        u1_0.photos 
    from
        users u1_0 
    where
        u1_0.id=?
Hibernate: 
    update
        users 
    set
        email=?,
        enabled=?,
        first_name=?,
        last_name=?,
        password=?,
        photos=? 
    where
        id=?
]]></system-out>
  </testcase>
</testsuite>