<?xml version="1.0" encoding="UTF-8"?>
<testsuite xmlns:xsi="http://www.w3.org/2001/XMLSchema-instance" xsi:noNamespaceSchemaLocation="https://maven.apache.org/surefire/maven-surefire-plugin/xsd/surefire-test-report-3.0.xsd" version="3.0" name="com.myshop.admin.user.RoleRepositoryTests" time="14.173" tests="2" errors="0" skipped="0" failures="0">
  <properties>
[...]
</properties>
  <testcase name="testCreateFirstRole" classname="com.myshop.admin.user.RoleRepositoryTests" time="1.539">
    <system-out><![CDATA[09:12:32.176 [main] INFO org.springframework.test.context.support.AnnotationConfigContextLoaderUtils -- Could not detect default configuration classes for test class [com.myshop.admin.user.RoleRepositoryTests]: RoleRepositoryTests does not declare any static, non-private, non-final, nested classes annotated with @Configuration.
09:12:33.022 [main] INFO org.springframework.boot.test.context.SpringBootTestContextBootstrapper -- Found @SpringBootConfiguration com.myshop.admin.MyshopBackEndApplication for test class com.myshop.admin.user.RoleRepositoryTests

  .   ____          _            __ _ _
 /\\ / ___'_ __ _ _(_)_ __  __ _ \ \ \ \
( ( )\___ | '_ | '_| | '_ \/ _` | \ \ \ \
 \\/  ___)| |_)| | | | | || (_| |  ) ) ) )
  '  |____| .__|_| |_|_| |_\__, | / / / /
 =========|_|==============|___/=/_/_/_/
 :: Spring Boot ::                (v3.1.3)

2023-09-27T09:12:34.698+02:00  INFO 1196 --- [           main] c.myshop.admin.user.RoleRepositoryTests  : Starting RoleRepositoryTests using Java 17.0.7 with PID 1196 (started by Admin in C:\Users\Admin\Desktop\JavaProject\MyshopProject\MyshopProject\MyshopProject\MyshopWebParent\MyshopBackEnd)
2023-09-27T09:12:34.704+02:00  INFO 1196 --- [           main] c.myshop.admin.user.RoleRepositoryTests  : No active profile set, falling back to 1 default profile: "default"
2023-09-27T09:12:35.955+02:00  INFO 1196 --- [           main] .s.d.r.c.RepositoryConfigurationDelegate : Bootstrapping Spring Data JPA repositories in DEFAULT mode.
2023-09-27T09:12:36.157+02:00  INFO 1196 --- [           main] .s.d.r.c.RepositoryConfigurationDelegate : Finished Spring Data repository scanning in 182 ms. Found 2 JPA repository interfaces.
2023-09-27T09:12:37.391+02:00  INFO 1196 --- [           main] o.hibernate.jpa.internal.util.LogHelper  : HHH000204: Processing PersistenceUnitInfo [name: default]
2023-09-27T09:12:37.584+02:00  INFO 1196 --- [           main] org.hibernate.Version                    : HHH000412: Hibernate ORM core version 6.2.7.Final
2023-09-27T09:12:37.593+02:00  INFO 1196 --- [           main] org.hibernate.cfg.Environment            : HHH000406: Using bytecode reflection optimizer
2023-09-27T09:12:38.146+02:00  INFO 1196 --- [           main] o.h.b.i.BytecodeProviderInitiator        : HHH000021: Bytecode provider name : bytebuddy
2023-09-27T09:12:38.572+02:00  INFO 1196 --- [           main] o.s.o.j.p.SpringPersistenceUnitInfo      : No LoadTimeWeaver setup: ignoring JPA class transformer
2023-09-27T09:12:38.663+02:00  INFO 1196 --- [           main] com.zaxxer.hikari.HikariDataSource       : HikariPool-1 - Starting...
2023-09-27T09:12:39.673+02:00  INFO 1196 --- [           main] com.zaxxer.hikari.pool.HikariPool        : HikariPool-1 - Added connection com.mysql.cj.jdbc.ConnectionImpl@1c3b6963
2023-09-27T09:12:39.691+02:00  INFO 1196 --- [           main] com.zaxxer.hikari.HikariDataSource       : HikariPool-1 - Start completed.
2023-09-27T09:12:39.814+02:00  WARN 1196 --- [           main] org.hibernate.orm.deprecation            : HHH90000026: MySQL8Dialect has been deprecated; use org.hibernate.dialect.MySQLDialect instead
2023-09-27T09:12:40.986+02:00  INFO 1196 --- [           main] o.h.b.i.BytecodeProviderInitiator        : HHH000021: Bytecode provider name : bytebuddy
2023-09-27T09:12:42.645+02:00  INFO 1196 --- [           main] o.h.e.t.j.p.i.JtaPlatformInitiator       : HHH000490: Using JtaPlatform implementation: [org.hibernate.engine.transaction.jta.platform.internal.NoJtaPlatform]
Hibernate: 
    create table roles (
        id integer not null auto_increment,
        description varchar(150) not null,
        name varchar(40) not null,
        primary key (id)
    ) engine=InnoDB
Hibernate: 
    create table users (
        id bigint not null auto_increment,
        email varchar(128) not null,
        enabled bit not null,
        first_name varchar(45) not null,
        last_name varchar(45) not null,
        password varchar(64) not null,
        photos varchar(64),
        primary key (id)
    ) engine=InnoDB
Hibernate: 
    create table users_roles (
        user_id bigint not null,
        role_id integer not null,
        primary key (user_id, role_id)
    ) engine=InnoDB
Hibernate: 
    alter table roles 
       drop index UK_ofx66keruapi6vyqpv6f2or37
Hibernate: 
    alter table roles 
       add constraint UK_ofx66keruapi6vyqpv6f2or37 unique (name)
Hibernate: 
    alter table users 
       drop index UK_6dotkott2kjsp8vw4d0m25fb7
Hibernate: 
    alter table users 
       add constraint UK_6dotkott2kjsp8vw4d0m25fb7 unique (email)
Hibernate: 
    alter table users_roles 
       add constraint FKj6m8fwv7oqv74fcehir1a9ffy 
       foreign key (role_id) 
       references roles (id)
Hibernate: 
    alter table users_roles 
       add constraint FK2o0jvgh89lemvvo17cbqvdxaa 
       foreign key (user_id) 
       references users (id)
2023-09-27T09:12:43.217+02:00  INFO 1196 --- [           main] j.LocalContainerEntityManagerFactoryBean : Initialized JPA EntityManagerFactory for persistence unit 'default'
2023-09-27T09:12:44.303+02:00  INFO 1196 --- [           main] c.myshop.admin.user.RoleRepositoryTests  : Started RoleRepositoryTests in 11.003 seconds (process running for 14.386)
Hibernate: 
    insert 
    into
        roles
        (description,name) 
    values
        (?,?)
]]></system-out>
  </testcase>
  <testcase name="testCreateRestRoles" classname="com.myshop.admin.user.RoleRepositoryTests" time="0.04">
    <system-out><![CDATA[Hibernate: 
    insert 
    into
        roles
        (description,name) 
    values
        (?,?)
Hibernate: 
    insert 
    into
        roles
        (description,name) 
    values
        (?,?)
Hibernate: 
    insert 
    into
        roles
        (description,name) 
    values
        (?,?)
Hibernate: 
    insert 
    into
        roles
        (description,name) 
    values
        (?,?)
]]></system-out>
  </testcase>
</testsuite>